[debug] [2025-11-08T10:44:23.980Z] ----------------------------------------------------------------------
[debug] [2025-11-08T10:44:23.981Z] Command:       /usr/local/bin/node /Users/swadeshkumargupta/.npm-global/bin/firebase functions:shell
[debug] [2025-11-08T10:44:23.981Z] CLI Version:   14.24.1
[debug] [2025-11-08T10:44:23.981Z] Platform:      darwin
[debug] [2025-11-08T10:44:23.981Z] Node Version:  v22.17.0
[debug] [2025-11-08T10:44:23.981Z] Time:          Sat Nov 08 2025 16:14:23 GMT+0530 (India Standard Time)
[debug] [2025-11-08T10:44:23.982Z] ----------------------------------------------------------------------
[debug] 
[debug] [2025-11-08T10:44:24.054Z] > command requires scopes: ["email","openid","https://www.googleapis.com/auth/cloudplatformprojects.readonly","https://www.googleapis.com/auth/firebase","https://www.googleapis.com/auth/cloud-platform"]
[debug] [2025-11-08T10:44:24.054Z] > authorizing via signed-in user (bhejochalo@gmail.com)
[debug] [2025-11-08T10:44:24.054Z] [iam] checking project bhejochalo-3d292 for permissions ["firebase.projects.get"]
[debug] [2025-11-08T10:44:24.055Z] Checked if tokens are valid: true, expires at: 1762601499761
[debug] [2025-11-08T10:44:24.055Z] Checked if tokens are valid: true, expires at: 1762601499761
[debug] [2025-11-08T10:44:24.055Z] >>> [apiv2][query] POST https://cloudresourcemanager.googleapis.com/v1/projects/bhejochalo-3d292:testIamPermissions [none]
[debug] [2025-11-08T10:44:24.055Z] >>> [apiv2][(partial)header] POST https://cloudresourcemanager.googleapis.com/v1/projects/bhejochalo-3d292:testIamPermissions x-goog-quota-user=projects/bhejochalo-3d292
[debug] [2025-11-08T10:44:24.055Z] >>> [apiv2][body] POST https://cloudresourcemanager.googleapis.com/v1/projects/bhejochalo-3d292:testIamPermissions {"permissions":["firebase.projects.get"]}
[debug] [2025-11-08T10:44:25.481Z] <<< [apiv2][status] POST https://cloudresourcemanager.googleapis.com/v1/projects/bhejochalo-3d292:testIamPermissions 200
[debug] [2025-11-08T10:44:25.481Z] <<< [apiv2][body] POST https://cloudresourcemanager.googleapis.com/v1/projects/bhejochalo-3d292:testIamPermissions {"permissions":["firebase.projects.get"]}
[debug] [2025-11-08T10:44:25.481Z] Emulator locator file path: /var/folders/3c/zk0lf8cn66158x2jkb3sps5c0000gn/T/hub-bhejochalo-3d292.json
[warn] ⚠  functions: Functions Emulator unable to start on port 5000, starting on 5001 instead. {"metadata":{"emulator":{"name":"functions"},"message":"Functions Emulator unable to start on port 5000, starting on 5001 instead."}}
[debug] [2025-11-08T10:44:25.601Z] [functions] Functions Emulator only supports listening on one address (127.0.0.1). Not listening on ::1
[debug] [2025-11-08T10:44:25.651Z] defaultcredentials: writing to file /Users/swadeshkumargupta/.config/firebase/bhejochalo_gmail_com_application_default_credentials.json
[debug] [2025-11-08T10:44:25.651Z] DEBUG: Setting GAC to /Users/swadeshkumargupta/.config/firebase/bhejochalo_gmail_com_application_default_credentials.json
[debug] [2025-11-08T10:44:25.652Z] Checked if tokens are valid: true, expires at: 1762601499761
[debug] [2025-11-08T10:44:25.652Z] Checked if tokens are valid: true, expires at: 1762601499761
[debug] [2025-11-08T10:44:25.652Z] >>> [apiv2][query] GET https://firebase.googleapis.com/v1beta1/projects/bhejochalo-3d292/adminSdkConfig [none]
